mode: atomic
github.com/sirjager/gopkg/tokens/paseto_builder.go:22.89,23.51 1 3
github.com/sirjager/gopkg/tokens/paseto_builder.go:23.51,28.3 1 2
github.com/sirjager/gopkg/tokens/paseto_builder.go:30.2,31.42 2 1
github.com/sirjager/gopkg/tokens/paseto_builder.go:31.42,33.3 1 0
github.com/sirjager/gopkg/tokens/paseto_builder.go:33.8,35.3 1 1
github.com/sirjager/gopkg/tokens/paseto_builder.go:37.2,43.21 2 1
github.com/sirjager/gopkg/tokens/paseto_create_token.go:8.100,10.16 2 3
github.com/sirjager/gopkg/tokens/paseto_create_token.go:10.16,12.3 1 0
github.com/sirjager/gopkg/tokens/paseto_create_token.go:13.2,14.16 2 3
github.com/sirjager/gopkg/tokens/paseto_create_token.go:14.16,16.3 1 0
github.com/sirjager/gopkg/tokens/paseto_create_token.go:17.2,17.28 1 3
github.com/sirjager/gopkg/tokens/paseto_read_payload.go:3.79,4.40 1 2
github.com/sirjager/gopkg/tokens/paseto_read_payload.go:4.40,6.3 1 1
github.com/sirjager/gopkg/tokens/paseto_read_payload.go:7.2,7.62 1 1
github.com/sirjager/gopkg/tokens/paseto_read_payload.go:7.62,9.3 1 0
github.com/sirjager/gopkg/tokens/paseto_read_payload.go:10.2,10.12 1 1
github.com/sirjager/gopkg/tokens/paseto_verify_token.go:4.87,7.16 3 3
github.com/sirjager/gopkg/tokens/paseto_verify_token.go:7.16,9.3 1 1
github.com/sirjager/gopkg/tokens/paseto_verify_token.go:10.2,10.53 1 2
github.com/sirjager/gopkg/tokens/paseto_verify_token.go:10.53,12.3 1 1
github.com/sirjager/gopkg/tokens/paseto_verify_token.go:13.2,13.21 1 1
github.com/sirjager/gopkg/tokens/payload.go:32.21,34.16 2 3
github.com/sirjager/gopkg/tokens/payload.go:34.16,36.3 1 0
github.com/sirjager/gopkg/tokens/payload.go:37.2,43.21 2 3
github.com/sirjager/gopkg/tokens/payload.go:47.39,48.41 1 2
github.com/sirjager/gopkg/tokens/payload.go:48.41,50.3 1 1
github.com/sirjager/gopkg/tokens/payload.go:51.2,51.12 1 1
